*design* DebussyLib (btIdent Verdi_N-2017.12-SP2)
Command arguments:
    +define+verilog
    -f AD7091R_Socket.v
        module
        AD7091R_Socket(
        clk,//m
        clock
        fmax=13.56MHz
        rst_n,
        en,
        convst_n_o,
        cs_n_o,
        sclk_o,
        sdo_i,
        rd_en,
        adc_data_o,
        adc_rdy
        );
        input
        clk;
        input
        rst_n;
        input
        en;
        input
        sdo_i;
        input
        rd_en;
        output
        convst_n_o;
        output
        cs_n_o;
        output
        sclk_o;
        output
        [11:0]adc_data_o;
        output
        adc_rdy;
        reg
        convst_n_o;
        reg
        cs_n_o;
        reg
        sclk_o;
        reg
        [11:0]adc_data_o;
        reg
        adc_rdy;
        reg
        [5:0]cnt;
        reg
        [2:0]state;
        reg
        [2:0]next_state;
        reg
        [11:0]adc_data;
        wire
        cnt_full;
        parameter
        IDLE
        =
        3'b001
        ;
        parameter
        READ
        =
        3'b010
        ;
        parameter
        DONE
        =
        3'b100
        ;
        always@(posedge
        clk
        or
        negedge
        rst_n)
        begin
        if(~rst_n)
        begin
        state
        <=
        IDLE;
        end
        else
        begin
        if(en)
        begin
        state
        <=
        next_state;
        end
        end
        end
        always@(rd_en
        or
        cnt_full
        or
        state[2:0])
        begin
        case(state[2:0])
        IDLE:
        next_state
        =
        rd_en
        ?
        READ
        :
        IDLE;
        READ:
        next_state
        =
        cnt_full
        ?
        DONE
        :
        READ;
        DONE:
        next_state
        =
        IDLE;
        default:
        next_state
        =
        state;
        endcase
        end
        always@(posedge
        clk
        or
        negedge
        rst_n)
        begin
        if(~rst_n)
        begin
        cnt
        <=
        0;
        end
        else
        if(en
        &
        (state[2:0]
        ==
        READ))
        begin
        cnt
        <=
        cnt
        +
        1'b1
        ;
        end
        else
        begin
        cnt
        <=
        0;
        end
        end
        assign
        cnt_full
        =
        cnt[5:0]
        ==
        6'd35
        ;
        always@(posedge
        clk
        or
        negedge
        rst_n)
        begin
        if(~rst_n)
        begin
        convst_n_o
        <=
        1'b1
        ;
        cs_n_o
        <=
        1'b1
        ;
        sclk_o
        <=
        0;
        end
        else
        if(en)
        begin
        case(cnt[5:0])
        6'd1
        :
        convst_n_o
        <=
        0;
        6'd2
        :
        convst_n_o
        <=
        1'b1
        ;
        6'd11
        :
        cs_n_o
        <=
        0;
        6'd12
        :
        begin
        sclk_o
        <=
        1'b1
        ;
        adc_data
        <=
        {adc_data[10:0],sdo_i};
        end
        6'd13
        :
        sclk_o
        <=
        0;
        6'd14
        :
        begin
        sclk_o
        <=
        1'b1
        ;
        adc_data
        <=
        {adc_data[10:0],sdo_i};
        end
        6'd15
        :
        sclk_o
        <=
        0;
        6'd16
        :
        begin
        sclk_o
        <=
        1'b1
        ;
        adc_data
        <=
        {adc_data[10:0],sdo_i};
        end
        6'd17
        :
        sclk_o
        <=
        0;
        6'd18
        :
        begin
        sclk_o
        <=
        1'b1
        ;
        adc_data
        <=
        {adc_data[10:0],sdo_i};
        end
        6'd19
        :
        sclk_o
        <=
        0;
        6'd20
        :
        begin
        sclk_o
        <=
        1'b1
        ;
        adc_data
        <=
        {adc_data[10:0],sdo_i};
        end
        6'd21
        :
        sclk_o
        <=
        0;
        6'd22
        :
        begin
        sclk_o
        <=
        1'b1
        ;
        adc_data
        <=
        {adc_data[10:0],sdo_i};
        end
        6'd23
        :
        sclk_o
        <=
        0;
        6'd24
        :
        begin
        sclk_o
        <=
        1'b1
        ;
        adc_data
        <=
        {adc_data[10:0],sdo_i};
        end
        6'd25
        :
        sclk_o
        <=
        0;
        6'd26
        :
        begin
        sclk_o
        <=
        1'b1
        ;
        adc_data
        <=
        {adc_data[10:0],sdo_i};
        end
        6'd27
        :
        sclk_o
        <=
        0;
        6'd28
        :
        begin
        sclk_o
        <=
        1'b1
        ;
        adc_data
        <=
        {adc_data[10:0],sdo_i};
        end
        6'd29
        :
        sclk_o
        <=
        0;
        6'd30
        :
        begin
        sclk_o
        <=
        1'b1
        ;
        adc_data
        <=
        {adc_data[10:0],sdo_i};
        end
        6'd31
        :
        sclk_o
        <=
        0;
        6'd32
        :
        begin
        sclk_o
        <=
        1'b1
        ;
        adc_data
        <=
        {adc_data[10:0],sdo_i};
        end
        6'd33
        :
        sclk_o
        <=
        0;
        6'd34
        :
        begin
        sclk_o
        <=
        1'b1
        ;
        adc_data
        <=
        {adc_data[10:0],sdo_i};
        end
        6'd35
        :
        sclk_o
        <=
        0;
        6'd36
        :
        cs_n_o
        <=
        1'b1
        ;
        endcase
        end
        end
        always@(posedge
        clk
        or
        negedge
        rst_n)
        begin
        if(~rst_n)
        begin
        adc_rdy
        <=
        0;
        adc_data_o
        <=
        0;
        end
        else
        if(en
        &&
        (state[2:0]
        ==
        DONE))
        begin
        adc_rdy
        <=
        1'b1
        ;
        adc_data_o
        <=
        adc_data;
        end
        else
        begin
        adc_rdy
        <=
        1'b0
        ;
        end
        end
        endmodule
    AD7091R_Socket_tb.v
    -top
    AD7091R_Socket_tb


*Error* failed to open source file "module" with read access: No such file or directory


*Error* failed to open source file "AD7091R_Socket(" with read access: No such file or directory


*Error* failed to open source file "clk,//m" with read access: No such file or directory


*Error* failed to open source file "clock" with read access: No such file or directory


*Error* failed to open source file "fmax=13.56MHz" with read access: No such file or directory


*Error* failed to open source file "rst_n," with read access: No such file or directory


*Error* failed to open source file "en," with read access: No such file or directory


*Error* failed to open source file "convst_n_o," with read access: No such file or directory


*Error* failed to open source file "cs_n_o," with read access: No such file or directory


*Error* failed to open source file "sclk_o," with read access: No such file or directory


*Error* failed to open source file "sdo_i," with read access: No such file or directory


*Error* failed to open source file "rd_en," with read access: No such file or directory


*Error* failed to open source file "adc_data_o," with read access: No such file or directory


*Error* failed to open source file "adc_rdy" with read access: No such file or directory


*Error* failed to open source file ");" with read access: No such file or directory


*Error* failed to open source file "input" with read access: No such file or directory


*Error* failed to open source file "clk;" with read access: No such file or directory


*Error* failed to open source file "input" with read access: No such file or directory


*Error* failed to open source file "rst_n;" with read access: No such file or directory


*Error* failed to open source file "input" with read access: No such file or directory


*Error* failed to open source file "en;" with read access: No such file or directory


*Error* failed to open source file "input" with read access: No such file or directory


*Error* failed to open source file "sdo_i;" with read access: No such file or directory


*Error* failed to open source file "input" with read access: No such file or directory


*Error* failed to open source file "rd_en;" with read access: No such file or directory


*Error* failed to open source file "output" with read access: No such file or directory


*Error* failed to open source file "convst_n_o;" with read access: No such file or directory


*Error* failed to open source file "output" with read access: No such file or directory


*Error* failed to open source file "cs_n_o;" with read access: No such file or directory


*Error* failed to open source file "output" with read access: No such file or directory


*Error* failed to open source file "sclk_o;" with read access: No such file or directory


*Error* failed to open source file "output" with read access: No such file or directory


*Error* failed to open source file "[11:0]adc_data_o;" with read access: No such file or directory


*Error* failed to open source file "output" with read access: No such file or directory


*Error* failed to open source file "adc_rdy;" with read access: No such file or directory


*Error* failed to open source file "reg" with read access: No such file or directory


*Error* failed to open source file "convst_n_o;" with read access: No such file or directory


*Error* failed to open source file "reg" with read access: No such file or directory


*Error* failed to open source file "cs_n_o;" with read access: No such file or directory


*Error* failed to open source file "reg" with read access: No such file or directory


*Error* failed to open source file "sclk_o;" with read access: No such file or directory


*Error* failed to open source file "reg" with read access: No such file or directory


*Error* failed to open source file "[11:0]adc_data_o;" with read access: No such file or directory


*Error* failed to open source file "reg" with read access: No such file or directory


*Error* failed to open source file "adc_rdy;" with read access: No such file or directory


*Error* failed to open source file "reg" with read access: No such file or directory


*Error* failed to open source file "[5:0]cnt;" with read access: No such file or directory


*Error* failed to open source file "reg" with read access: No such file or directory


*Error* failed to open source file "[2:0]state;" with read access: No such file or directory


*Error* failed to open source file "reg" with read access: No such file or directory


*Error* failed to open source file "[2:0]next_state;" with read access: No such file or directory


*Error* failed to open source file "reg" with read access: No such file or directory


*Error* failed to open source file "[11:0]adc_data;" with read access: No such file or directory


*Error* failed to open source file "wire" with read access: No such file or directory


*Error* failed to open source file "cnt_full;" with read access: No such file or directory


*Error* failed to open source file "parameter" with read access: No such file or directory


*Error* failed to open source file "IDLE" with read access: No such file or directory


*Error* failed to open source file "=" with read access: No such file or directory


*Error* failed to open source file "3'b001" with read access: No such file or directory


*Error* failed to open source file ";" with read access: No such file or directory


*Error* failed to open source file "parameter" with read access: No such file or directory


*Error* failed to open source file "READ" with read access: No such file or directory


*Error* failed to open source file "=" with read access: No such file or directory


*Error* failed to open source file "3'b010" with read access: No such file or directory


*Error* failed to open source file ";" with read access: No such file or directory


*Error* failed to open source file "parameter" with read access: No such file or directory


*Error* failed to open source file "DONE" with read access: No such file or directory


*Error* failed to open source file "=" with read access: No such file or directory


*Error* failed to open source file "3'b100" with read access: No such file or directory


*Error* failed to open source file ";" with read access: No such file or directory


*Error* failed to open source file "always@(posedge" with read access: No such file or directory


*Error* failed to open source file "clk" with read access: No such file or directory


*Error* failed to open source file "or" with read access: No such file or directory


*Error* failed to open source file "negedge" with read access: No such file or directory


*Error* failed to open source file "rst_n)" with read access: No such file or directory


*Error* failed to open source file "begin" with read access: No such file or directory


*Error* failed to open source file "if(~rst_n)" with read access: No such file or directory


*Error* failed to open source file "begin" with read access: No such file or directory


*Error* failed to open source file "state" with read access: No such file or directory


*Error* failed to open source file "<=" with read access: No such file or directory


*Error* failed to open source file "IDLE;" with read access: No such file or directory


*Error* failed to open source file "end" with read access: No such file or directory


*Error* failed to open source file "else" with read access: No such file or directory


*Error* failed to open source file "begin" with read access: No such file or directory


*Error* failed to open source file "if(en)" with read access: No such file or directory


*Error* failed to open source file "begin" with read access: No such file or directory


*Error* failed to open source file "state" with read access: No such file or directory


*Error* failed to open source file "<=" with read access: No such file or directory


*Error* failed to open source file "next_state;" with read access: No such file or directory


*Error* failed to open source file "end" with read access: No such file or directory


*Error* failed to open source file "end" with read access: No such file or directory


*Error* failed to open source file "end" with read access: No such file or directory


*Error* failed to open source file "always@(rd_en" with read access: No such file or directory


*Error* failed to open source file "or" with read access: No such file or directory


*Error* failed to open source file "cnt_full" with read access: No such file or directory


*Error* failed to open source file "or" with read access: No such file or directory


*Error* failed to open source file "state[2:0])" with read access: No such file or directory


*Error* failed to open source file "begin" with read access: No such file or directory


*Error* failed to open source file "case(state[2:0])" with read access: No such file or directory


*Error* failed to open source file "IDLE:" with read access: No such file or directory


*Error* failed to open source file "next_state" with read access: No such file or directory


*Error* failed to open source file "=" with read access: No such file or directory


*Error* failed to open source file "rd_en" with read access: No such file or directory


*Error* failed to open source file "?" with read access: No such file or directory


*Error* failed to open source file "READ" with read access: No such file or directory


*Error* failed to open source file ":" with read access: No such file or directory


*Error* failed to open source file "IDLE;" with read access: No such file or directory


*Error* failed to open source file "READ:" with read access: No such file or directory


*Error* failed to open source file "next_state" with read access: No such file or directory


*Error* failed to open source file "=" with read access: No such file or directory


*Error* failed to open source file "cnt_full" with read access: No such file or directory


*Error* failed to open source file "?" with read access: No such file or directory


*Error* failed to open source file "DONE" with read access: No such file or directory


*Error* failed to open source file ":" with read access: No such file or directory


*Error* failed to open source file "READ;" with read access: No such file or directory


*Error* failed to open source file "DONE:" with read access: No such file or directory


*Error* failed to open source file "next_state" with read access: No such file or directory


*Error* failed to open source file "=" with read access: No such file or directory


*Error* failed to open source file "IDLE;" with read access: No such file or directory


*Error* failed to open source file "default:" with read access: No such file or directory


*Error* failed to open source file "next_state" with read access: No such file or directory


*Error* failed to open source file "=" with read access: No such file or directory


*Error* failed to open source file "state;" with read access: No such file or directory


*Error* failed to open source file "endcase" with read access: No such file or directory


*Error* failed to open source file "end" with read access: No such file or directory


*Error* failed to open source file "always@(posedge" with read access: No such file or directory


*Error* failed to open source file "clk" with read access: No such file or directory


*Error* failed to open source file "or" with read access: No such file or directory


*Error* failed to open source file "negedge" with read access: No such file or directory


*Error* failed to open source file "rst_n)" with read access: No such file or directory


*Error* failed to open source file "begin" with read access: No such file or directory


*Error* failed to open source file "if(~rst_n)" with read access: No such file or directory


*Error* failed to open source file "begin" with read access: No such file or directory


*Error* failed to open source file "cnt" with read access: No such file or directory


*Error* failed to open source file "<=" with read access: No such file or directory


*Error* failed to open source file "0;" with read access: No such file or directory


*Error* failed to open source file "end" with read access: No such file or directory


*Error* failed to open source file "else" with read access: No such file or directory


*Error* failed to open source file "if(en" with read access: No such file or directory


*Error* failed to open source file "&" with read access: No such file or directory


*Error* failed to open source file "(state[2:0]" with read access: No such file or directory


*Error* failed to open source file "==" with read access: No such file or directory


*Error* failed to open source file "READ))" with read access: No such file or directory


*Error* failed to open source file "begin" with read access: No such file or directory


*Error* failed to open source file "cnt" with read access: No such file or directory


*Error* failed to open source file "<=" with read access: No such file or directory


*Error* failed to open source file "cnt" with read access: No such file or directory


*Error* failed to open source file "1'b1" with read access: No such file or directory


*Error* failed to open source file ";" with read access: No such file or directory


*Error* failed to open source file "end" with read access: No such file or directory


*Error* failed to open source file "else" with read access: No such file or directory


*Error* failed to open source file "begin" with read access: No such file or directory


*Error* failed to open source file "cnt" with read access: No such file or directory


*Error* failed to open source file "<=" with read access: No such file or directory


*Error* failed to open source file "0;" with read access: No such file or directory


*Error* failed to open source file "end" with read access: No such file or directory


*Error* failed to open source file "end" with read access: No such file or directory


*Error* failed to open source file "assign" with read access: No such file or directory


*Error* failed to open source file "cnt_full" with read access: No such file or directory


*Error* failed to open source file "=" with read access: No such file or directory


*Error* failed to open source file "cnt[5:0]" with read access: No such file or directory


*Error* failed to open source file "==" with read access: No such file or directory


*Error* failed to open source file "6'd35" with read access: No such file or directory


*Error* failed to open source file ";" with read access: No such file or directory


*Error* failed to open source file "always@(posedge" with read access: No such file or directory


*Error* failed to open source file "clk" with read access: No such file or directory


*Error* failed to open source file "or" with read access: No such file or directory


*Error* failed to open source file "negedge" with read access: No such file or directory


*Error* failed to open source file "rst_n)" with read access: No such file or directory


*Error* failed to open source file "begin" with read access: No such file or directory


*Error* failed to open source file "if(~rst_n)" with read access: No such file or directory


*Error* failed to open source file "begin" with read access: No such file or directory


*Error* failed to open source file "convst_n_o" with read access: No such file or directory


*Error* failed to open source file "<=" with read access: No such file or directory


*Error* failed to open source file "1'b1" with read access: No such file or directory


*Error* failed to open source file ";" with read access: No such file or directory


*Error* failed to open source file "cs_n_o" with read access: No such file or directory


*Error* failed to open source file "<=" with read access: No such file or directory


*Error* failed to open source file "1'b1" with read access: No such file or directory


*Error* failed to open source file ";" with read access: No such file or directory


*Error* failed to open source file "sclk_o" with read access: No such file or directory


*Error* failed to open source file "<=" with read access: No such file or directory


*Error* failed to open source file "0;" with read access: No such file or directory


*Error* failed to open source file "end" with read access: No such file or directory


*Error* failed to open source file "else" with read access: No such file or directory


*Error* failed to open source file "if(en)" with read access: No such file or directory


*Error* failed to open source file "begin" with read access: No such file or directory


*Error* failed to open source file "case(cnt[5:0])" with read access: No such file or directory


*Error* failed to open source file "6'd1" with read access: No such file or directory


*Error* failed to open source file ":" with read access: No such file or directory


*Error* failed to open source file "convst_n_o" with read access: No such file or directory


*Error* failed to open source file "<=" with read access: No such file or directory


*Error* failed to open source file "0;" with read access: No such file or directory


*Error* failed to open source file "6'd2" with read access: No such file or directory


*Error* failed to open source file ":" with read access: No such file or directory


*Error* failed to open source file "convst_n_o" with read access: No such file or directory


*Error* failed to open source file "<=" with read access: No such file or directory


*Error* failed to open source file "1'b1" with read access: No such file or directory


*Error* failed to open source file ";" with read access: No such file or directory


*Error* failed to open source file "6'd11" with read access: No such file or directory


*Error* failed to open source file ":" with read access: No such file or directory


*Error* failed to open source file "cs_n_o" with read access: No such file or directory


*Error* failed to open source file "<=" with read access: No such file or directory


*Error* failed to open source file "0;" with read access: No such file or directory


*Error* failed to open source file "6'd12" with read access: No such file or directory


*Error* failed to open source file ":" with read access: No such file or directory


*Error* failed to open source file "begin" with read access: No such file or directory


*Error* failed to open source file "sclk_o" with read access: No such file or directory


*Error* failed to open source file "<=" with read access: No such file or directory


*Error* failed to open source file "1'b1" with read access: No such file or directory


*Error* failed to open source file ";" with read access: No such file or directory


*Error* failed to open source file "adc_data" with read access: No such file or directory


*Error* failed to open source file "<=" with read access: No such file or directory


*Error* failed to open source file "{adc_data[10:0],sdo_i};" with read access: No such file or directory


*Error* failed to open source file "end" with read access: No such file or directory


*Error* failed to open source file "6'd13" with read access: No such file or directory


*Error* failed to open source file ":" with read access: No such file or directory


*Error* failed to open source file "sclk_o" with read access: No such file or directory


*Error* failed to open source file "<=" with read access: No such file or directory


*Error* failed to open source file "0;" with read access: No such file or directory


*Error* failed to open source file "6'd14" with read access: No such file or directory


*Error* failed to open source file ":" with read access: No such file or directory


*Error* failed to open source file "begin" with read access: No such file or directory


*Error* failed to open source file "sclk_o" with read access: No such file or directory


*Error* failed to open source file "<=" with read access: No such file or directory


*Error* failed to open source file "1'b1" with read access: No such file or directory


*Error* failed to open source file ";" with read access: No such file or directory


*Error* failed to open source file "adc_data" with read access: No such file or directory


*Error* failed to open source file "<=" with read access: No such file or directory


*Error* failed to open source file "{adc_data[10:0],sdo_i};" with read access: No such file or directory


*Error* failed to open source file "end" with read access: No such file or directory


*Error* failed to open source file "6'd15" with read access: No such file or directory


*Error* failed to open source file ":" with read access: No such file or directory


*Error* failed to open source file "sclk_o" with read access: No such file or directory


*Error* failed to open source file "<=" with read access: No such file or directory


*Error* failed to open source file "0;" with read access: No such file or directory


*Error* failed to open source file "6'd16" with read access: No such file or directory


*Error* failed to open source file ":" with read access: No such file or directory


*Error* failed to open source file "begin" with read access: No such file or directory


*Error* failed to open source file "sclk_o" with read access: No such file or directory


*Error* failed to open source file "<=" with read access: No such file or directory


*Error* failed to open source file "1'b1" with read access: No such file or directory


*Error* failed to open source file ";" with read access: No such file or directory


*Error* failed to open source file "adc_data" with read access: No such file or directory


*Error* failed to open source file "<=" with read access: No such file or directory


*Error* failed to open source file "{adc_data[10:0],sdo_i};" with read access: No such file or directory


*Error* failed to open source file "end" with read access: No such file or directory


*Error* failed to open source file "6'd17" with read access: No such file or directory


*Error* failed to open source file ":" with read access: No such file or directory


*Error* failed to open source file "sclk_o" with read access: No such file or directory


*Error* failed to open source file "<=" with read access: No such file or directory


*Error* failed to open source file "0;" with read access: No such file or directory


*Error* failed to open source file "6'd18" with read access: No such file or directory


*Error* failed to open source file ":" with read access: No such file or directory


*Error* failed to open source file "begin" with read access: No such file or directory


*Error* failed to open source file "sclk_o" with read access: No such file or directory


*Error* failed to open source file "<=" with read access: No such file or directory


*Error* failed to open source file "1'b1" with read access: No such file or directory


*Error* failed to open source file ";" with read access: No such file or directory


*Error* failed to open source file "adc_data" with read access: No such file or directory


*Error* failed to open source file "<=" with read access: No such file or directory


*Error* failed to open source file "{adc_data[10:0],sdo_i};" with read access: No such file or directory


*Error* failed to open source file "end" with read access: No such file or directory


*Error* failed to open source file "6'd19" with read access: No such file or directory


*Error* failed to open source file ":" with read access: No such file or directory


*Error* failed to open source file "sclk_o" with read access: No such file or directory


*Error* failed to open source file "<=" with read access: No such file or directory


*Error* failed to open source file "0;" with read access: No such file or directory


*Error* failed to open source file "6'd20" with read access: No such file or directory


*Error* failed to open source file ":" with read access: No such file or directory


*Error* failed to open source file "begin" with read access: No such file or directory


*Error* failed to open source file "sclk_o" with read access: No such file or directory


*Error* failed to open source file "<=" with read access: No such file or directory


*Error* failed to open source file "1'b1" with read access: No such file or directory


*Error* failed to open source file ";" with read access: No such file or directory


*Error* failed to open source file "adc_data" with read access: No such file or directory


*Error* failed to open source file "<=" with read access: No such file or directory


*Error* failed to open source file "{adc_data[10:0],sdo_i};" with read access: No such file or directory


*Error* failed to open source file "end" with read access: No such file or directory


*Error* failed to open source file "6'd21" with read access: No such file or directory


*Error* failed to open source file ":" with read access: No such file or directory


*Error* failed to open source file "sclk_o" with read access: No such file or directory


*Error* failed to open source file "<=" with read access: No such file or directory


*Error* failed to open source file "0;" with read access: No such file or directory


*Error* failed to open source file "6'd22" with read access: No such file or directory


*Error* failed to open source file ":" with read access: No such file or directory


*Error* failed to open source file "begin" with read access: No such file or directory


*Error* failed to open source file "sclk_o" with read access: No such file or directory


*Error* failed to open source file "<=" with read access: No such file or directory


*Error* failed to open source file "1'b1" with read access: No such file or directory


*Error* failed to open source file ";" with read access: No such file or directory


*Error* failed to open source file "adc_data" with read access: No such file or directory


*Error* failed to open source file "<=" with read access: No such file or directory


*Error* failed to open source file "{adc_data[10:0],sdo_i};" with read access: No such file or directory


*Error* failed to open source file "end" with read access: No such file or directory


*Error* failed to open source file "6'd23" with read access: No such file or directory


*Error* failed to open source file ":" with read access: No such file or directory


*Error* failed to open source file "sclk_o" with read access: No such file or directory


*Error* failed to open source file "<=" with read access: No such file or directory


*Error* failed to open source file "0;" with read access: No such file or directory


*Error* failed to open source file "6'd24" with read access: No such file or directory


*Error* failed to open source file ":" with read access: No such file or directory


*Error* failed to open source file "begin" with read access: No such file or directory


*Error* failed to open source file "sclk_o" with read access: No such file or directory


*Error* failed to open source file "<=" with read access: No such file or directory


*Error* failed to open source file "1'b1" with read access: No such file or directory


*Error* failed to open source file ";" with read access: No such file or directory


*Error* failed to open source file "adc_data" with read access: No such file or directory


*Error* failed to open source file "<=" with read access: No such file or directory


*Error* failed to open source file "{adc_data[10:0],sdo_i};" with read access: No such file or directory


*Error* failed to open source file "end" with read access: No such file or directory


*Error* failed to open source file "6'd25" with read access: No such file or directory


*Error* failed to open source file ":" with read access: No such file or directory


*Error* failed to open source file "sclk_o" with read access: No such file or directory


*Error* failed to open source file "<=" with read access: No such file or directory


*Error* failed to open source file "0;" with read access: No such file or directory


*Error* failed to open source file "6'd26" with read access: No such file or directory


*Error* failed to open source file ":" with read access: No such file or directory


*Error* failed to open source file "begin" with read access: No such file or directory


*Error* failed to open source file "sclk_o" with read access: No such file or directory


*Error* failed to open source file "<=" with read access: No such file or directory


*Error* failed to open source file "1'b1" with read access: No such file or directory


*Error* failed to open source file ";" with read access: No such file or directory


*Error* failed to open source file "adc_data" with read access: No such file or directory


*Error* failed to open source file "<=" with read access: No such file or directory


*Error* failed to open source file "{adc_data[10:0],sdo_i};" with read access: No such file or directory


*Error* failed to open source file "end" with read access: No such file or directory


*Error* failed to open source file "6'd27" with read access: No such file or directory


*Error* failed to open source file ":" with read access: No such file or directory


*Error* failed to open source file "sclk_o" with read access: No such file or directory


*Error* failed to open source file "<=" with read access: No such file or directory


*Error* failed to open source file "0;" with read access: No such file or directory


*Error* failed to open source file "6'd28" with read access: No such file or directory


*Error* failed to open source file ":" with read access: No such file or directory


*Error* failed to open source file "begin" with read access: No such file or directory


*Error* failed to open source file "sclk_o" with read access: No such file or directory


*Error* failed to open source file "<=" with read access: No such file or directory


*Error* failed to open source file "1'b1" with read access: No such file or directory


*Error* failed to open source file ";" with read access: No such file or directory


*Error* failed to open source file "adc_data" with read access: No such file or directory


*Error* failed to open source file "<=" with read access: No such file or directory


*Error* failed to open source file "{adc_data[10:0],sdo_i};" with read access: No such file or directory


*Error* failed to open source file "end" with read access: No such file or directory


*Error* failed to open source file "6'd29" with read access: No such file or directory


*Error* failed to open source file ":" with read access: No such file or directory


*Error* failed to open source file "sclk_o" with read access: No such file or directory


*Error* failed to open source file "<=" with read access: No such file or directory


*Error* failed to open source file "0;" with read access: No such file or directory


*Error* failed to open source file "6'd30" with read access: No such file or directory


*Error* failed to open source file ":" with read access: No such file or directory


*Error* failed to open source file "begin" with read access: No such file or directory


*Error* failed to open source file "sclk_o" with read access: No such file or directory


*Error* failed to open source file "<=" with read access: No such file or directory


*Error* failed to open source file "1'b1" with read access: No such file or directory


*Error* failed to open source file ";" with read access: No such file or directory


*Error* failed to open source file "adc_data" with read access: No such file or directory


*Error* failed to open source file "<=" with read access: No such file or directory


*Error* failed to open source file "{adc_data[10:0],sdo_i};" with read access: No such file or directory


*Error* failed to open source file "end" with read access: No such file or directory


*Error* failed to open source file "6'd31" with read access: No such file or directory


*Error* failed to open source file ":" with read access: No such file or directory


*Error* failed to open source file "sclk_o" with read access: No such file or directory


*Error* failed to open source file "<=" with read access: No such file or directory


*Error* failed to open source file "0;" with read access: No such file or directory


*Error* failed to open source file "6'd32" with read access: No such file or directory


*Error* failed to open source file ":" with read access: No such file or directory


*Error* failed to open source file "begin" with read access: No such file or directory


*Error* failed to open source file "sclk_o" with read access: No such file or directory


*Error* failed to open source file "<=" with read access: No such file or directory


*Error* failed to open source file "1'b1" with read access: No such file or directory


*Error* failed to open source file ";" with read access: No such file or directory


*Error* failed to open source file "adc_data" with read access: No such file or directory


*Error* failed to open source file "<=" with read access: No such file or directory


*Error* failed to open source file "{adc_data[10:0],sdo_i};" with read access: No such file or directory


*Error* failed to open source file "end" with read access: No such file or directory


*Error* failed to open source file "6'd33" with read access: No such file or directory


*Error* failed to open source file ":" with read access: No such file or directory


*Error* failed to open source file "sclk_o" with read access: No such file or directory


*Error* failed to open source file "<=" with read access: No such file or directory


*Error* failed to open source file "0;" with read access: No such file or directory


*Error* failed to open source file "6'd34" with read access: No such file or directory


*Error* failed to open source file ":" with read access: No such file or directory


*Error* failed to open source file "begin" with read access: No such file or directory


*Error* failed to open source file "sclk_o" with read access: No such file or directory


*Error* failed to open source file "<=" with read access: No such file or directory


*Error* failed to open source file "1'b1" with read access: No such file or directory


*Error* failed to open source file ";" with read access: No such file or directory


*Error* failed to open source file "adc_data" with read access: No such file or directory


*Error* failed to open source file "<=" with read access: No such file or directory


*Error* failed to open source file "{adc_data[10:0],sdo_i};" with read access: No such file or directory


*Error* failed to open source file "end" with read access: No such file or directory


*Error* failed to open source file "6'd35" with read access: No such file or directory


*Error* failed to open source file ":" with read access: No such file or directory


*Error* failed to open source file "sclk_o" with read access: No such file or directory


*Error* failed to open source file "<=" with read access: No such file or directory


*Error* failed to open source file "0;" with read access: No such file or directory


*Error* failed to open source file "6'd36" with read access: No such file or directory


*Error* failed to open source file ":" with read access: No such file or directory


*Error* failed to open source file "cs_n_o" with read access: No such file or directory


*Error* failed to open source file "<=" with read access: No such file or directory


*Error* failed to open source file "1'b1" with read access: No such file or directory


*Error* failed to open source file ";" with read access: No such file or directory


*Error* failed to open source file "endcase" with read access: No such file or directory


*Error* failed to open source file "end" with read access: No such file or directory


*Error* failed to open source file "end" with read access: No such file or directory


*Error* failed to open source file "always@(posedge" with read access: No such file or directory


*Error* failed to open source file "clk" with read access: No such file or directory


*Error* failed to open source file "or" with read access: No such file or directory


*Error* failed to open source file "negedge" with read access: No such file or directory


*Error* failed to open source file "rst_n)" with read access: No such file or directory


*Error* failed to open source file "begin" with read access: No such file or directory


*Error* failed to open source file "if(~rst_n)" with read access: No such file or directory


*Error* failed to open source file "begin" with read access: No such file or directory


*Error* failed to open source file "adc_rdy" with read access: No such file or directory


*Error* failed to open source file "<=" with read access: No such file or directory


*Error* failed to open source file "0;" with read access: No such file or directory


*Error* failed to open source file "adc_data_o" with read access: No such file or directory


*Error* failed to open source file "<=" with read access: No such file or directory


*Error* failed to open source file "0;" with read access: No such file or directory


*Error* failed to open source file "end" with read access: No such file or directory


*Error* failed to open source file "else" with read access: No such file or directory


*Error* failed to open source file "if(en" with read access: No such file or directory


*Error* failed to open source file "&&" with read access: No such file or directory


*Error* failed to open source file "(state[2:0]" with read access: No such file or directory


*Error* failed to open source file "==" with read access: No such file or directory


*Error* failed to open source file "DONE))" with read access: No such file or directory


*Error* failed to open source file "begin" with read access: No such file or directory


*Error* failed to open source file "adc_rdy" with read access: No such file or directory


*Error* failed to open source file "<=" with read access: No such file or directory


*Error* failed to open source file "1'b1" with read access: No such file or directory


*Error* failed to open source file ";" with read access: No such file or directory


*Error* failed to open source file "adc_data_o" with read access: No such file or directory


*Error* failed to open source file "<=" with read access: No such file or directory


*Error* failed to open source file "adc_data;" with read access: No such file or directory


*Error* failed to open source file "end" with read access: No such file or directory


*Error* failed to open source file "else" with read access: No such file or directory


*Error* failed to open source file "begin" with read access: No such file or directory


*Error* failed to open source file "adc_rdy" with read access: No such file or directory


*Error* failed to open source file "<=" with read access: No such file or directory


*Error* failed to open source file "1'b0" with read access: No such file or directory


*Error* failed to open source file ";" with read access: No such file or directory


*Error* failed to open source file "end" with read access: No such file or directory


*Error* failed to open source file "end" with read access: No such file or directory


*Error* failed to open source file "endmodule" with read access: No such file or directory

Highest level modules:
AD7091R_Socket_tb


*Error* view AD7091R_Socket is not defined for instance X0
"AD7091R_Socket_tb.v", 11: 
Total	445 error(s),   0 warning(s)
