# Preference setting overrides
gui_create_pref_key -category {Globals} -key {load_detail_for_funcov} -value_type {bool} -value {false}

# State setting overrides
gui_state_default_create -off -ini
gui_set_state_value -category Layout -key child_console_size_x -value 1919
gui_set_state_value -category Layout -key child_console_size_y -value 313
gui_set_state_value -category Layout -key child_data_size_x -value 166
gui_set_state_value -category Layout -key child_data_size_y -value 558
gui_set_state_value -category Layout -key child_hier_col3 -value {-1}
gui_set_state_value -category Layout -key child_hier_colpd -value 0
gui_set_state_value -category Layout -key child_hier_size_x -value 166
gui_set_state_value -category Layout -key child_hier_size_y -value 558
gui_set_state_value -category Layout -key child_source_docknewline -value false
gui_set_state_value -category Layout -key child_source_pos_x -value {-2}
gui_set_state_value -category Layout -key child_source_pos_y -value {-15}
gui_set_state_value -category Layout -key child_source_size_x -value 1590
gui_set_state_value -category Layout -key child_source_size_y -value 553
gui_set_state_value -category Layout -key child_wave_colname -value 267
gui_set_state_value -category Layout -key child_wave_colvalue -value 267
gui_set_state_value -category Layout -key child_wave_left -value 539
gui_set_state_value -category Layout -key child_wave_right -value 1313
gui_set_state_value -category Layout -key main_pos_x -value 0
gui_set_state_value -category Layout -key main_pos_y -value 60
gui_set_state_value -category Layout -key main_size_x -value 1919
gui_set_state_value -category Layout -key main_size_y -value 1030
gui_set_state_value -category Layout -key stand_wave_child_docknewline -value false
gui_set_state_value -category Layout -key stand_wave_child_pos_x -value {-2}
gui_set_state_value -category Layout -key stand_wave_child_pos_y -value {-15}
gui_set_state_value -category Layout -key stand_wave_child_size_x -value 1862
gui_set_state_value -category Layout -key stand_wave_child_size_y -value 861
gui_set_state_value -category Layout -key stand_wave_top_pos_x -value 9
gui_set_state_value -category Layout -key stand_wave_top_pos_y -value 62
gui_set_state_value -category Layout -key stand_wave_top_size_x -value 1866
gui_set_state_value -category Layout -key stand_wave_top_size_y -value 1027
gui_create_state_key -category FindDialog -key m_pMatchCase -value_type bool -value false
gui_create_state_key -category FindDialog -key m_pMatchWord -value_type bool -value false
gui_create_state_key -category FindDialog -key m_pUseCombo -value_type string -value {}
gui_create_state_key -category FindDialog -key m_pWrapAround -value_type bool -value true
gui_create_state_key -category Widget_History -key {dlgSimSetup|m_setupTab|tab pages|SimTab|m_VPDCombo} -value_type string -value inter.vpd
gui_create_state_key -category Widget_History -key {dlgSimSetup|m_setupTab|tab pages|SimTab|m_curDirCombo} -value_type string -value /home/stu02/project/vcs_test
gui_create_state_key -category Widget_History -key {dlgSimSetup|m_setupTab|tab pages|SimTab|m_exeCombo} -value_type string -value ./simv
gui_create_state_key -category SearchDialog -key MatchCase -value_type bool -value false
gui_create_state_key -category SearchDialog -key MatchWord -value_type bool -value true
gui_create_state_key -category SearchDialog -key SearchMode -value_type string -value Wildcards
gui_create_state_key -category SearchDialog -key UseCombo -value_type bool -value true
gui_state_default_create -off

# Begin command logging
gui_set_pref_value -category {Globals} -key {smart_resize} -value {false}
gui_set_pref_value -category {Globals} -key {smart_resize} -value {true}
gui_sim_run Ucli -exe ./simv -args {-ucligui  } -dir .
run
gui_marker_zoombetween -id Wave.1 C1 C2
gui_marker_zoombetween -id Wave.1 C1 C2
gui_marker_zoombetween -id Wave.1 C1 C2
gui_view_port_history -window Wave.1 -previous
gui_marker_zoombetween -id Wave.1 C1 C2
gui_marker_zoombetween -id Wave.1 C1 C2
gui_marker_zoombetween -id Wave.1 C1 C2
gui_wv_scroll_hslidermove -id  Wave.1 0
gui_wv_zoom_timerange -id  Wave.1 0 34880827
gui_wv_zoom_timerange -id  Wave.1 0 8902299
gui_wv_zoom_timerange -id  Wave.1 117045 2437288
gui_marker_zoombetween -id Wave.1 C1 C2
gui_wv_zoom_timerange -id  Wave.1 976663143 1020845523
gui_marker_zoombetween -id Wave.1 C1 C2
gui_wv_zoom_timerange -id  Wave.1 10851813 95340926
gui_wv_scroll_hslidermove -id  Wave.1 0
gui_wv_zoom_timerange -id  Wave.1 0 11239078
gui_marker_zoombetween -id Wave.1 C1 C2
gui_wv_zoom_timerange -id  Wave.1 977438273 1020845523
gui_wv_zoom_timerange -id  Wave.1 1006490922 1020255015
gui_marker_move -id  Wave.1 C1 1015924191
gui_wv_zoom_timerange -id  Wave.1 1007067482 1012826472
gui_wv_zoom_timerange -id  Wave.1 1007088344 1008402267
gui_close_window -window TopLevel.1
